<?xml version="1.0" encoding="UTF-8" ?>
<testsuite tests="5" failures="1" name="com.luna.service.LigneCommandeTest" time="0.153" errors="0" skipped="1">
  <properties>
[...]
</properties>
  <testcase classname="com.luna.service.LigneCommandeTest" name="doesItGet" time="0.032"/>
  <testcase classname="com.luna.service.LigneCommandeTest" name="doesItGetAll" time="0.02"/>
  <testcase classname="com.luna.service.LigneCommandeTest" name="doesItInsert" time="0.047">
    <failure type="java.lang.AssertionError">java.lang.AssertionError
	at org.junit.Assert.fail(Assert.java:86)
	at org.junit.Assert.assertTrue(Assert.java:41)
	at org.junit.Assert.assertNotNull(Assert.java:712)
	at org.junit.Assert.assertNotNull(Assert.java:722)
	at com.luna.service.LigneCommandeTest.doesItInsert(LigneCommandeTest.java:39)
	at sun.reflect.NativeMethodAccessorImpl.invoke0(Native Method)
	at sun.reflect.NativeMethodAccessorImpl.invoke(NativeMethodAccessorImpl.java:62)
	at sun.reflect.DelegatingMethodAccessorImpl.invoke(DelegatingMethodAccessorImpl.java:43)
	at java.lang.reflect.Method.invoke(Method.java:498)
	at org.junit.runners.model.FrameworkMethod$1.runReflectiveCall(FrameworkMethod.java:50)
	at org.junit.internal.runners.model.ReflectiveCallable.run(ReflectiveCallable.java:12)
	at org.junit.runners.model.FrameworkMethod.invokeExplosively(FrameworkMethod.java:47)
	at org.junit.internal.runners.statements.InvokeMethod.evaluate(InvokeMethod.java:17)
	at org.springframework.test.context.junit4.statements.RunBeforeTestMethodCallbacks.evaluate(RunBeforeTestMethodCallbacks.java:75)
	at org.springframework.test.context.junit4.statements.RunAfterTestMethodCallbacks.evaluate(RunAfterTestMethodCallbacks.java:86)
	at org.springframework.test.context.junit4.statements.SpringRepeat.evaluate(SpringRepeat.java:84)
	at org.junit.runners.ParentRunner.runLeaf(ParentRunner.java:325)
	at org.springframework.test.context.junit4.SpringJUnit4ClassRunner.runChild(SpringJUnit4ClassRunner.java:252)
	at org.springframework.test.context.junit4.SpringJUnit4ClassRunner.runChild(SpringJUnit4ClassRunner.java:94)
	at org.junit.runners.ParentRunner$3.run(ParentRunner.java:290)
	at org.junit.runners.ParentRunner$1.schedule(ParentRunner.java:71)
	at org.junit.runners.ParentRunner.runChildren(ParentRunner.java:288)
	at org.junit.runners.ParentRunner.access$000(ParentRunner.java:58)
	at org.junit.runners.ParentRunner$2.evaluate(ParentRunner.java:268)
	at org.springframework.test.context.junit4.statements.RunBeforeTestClassCallbacks.evaluate(RunBeforeTestClassCallbacks.java:61)
	at org.springframework.test.context.junit4.statements.RunAfterTestClassCallbacks.evaluate(RunAfterTestClassCallbacks.java:70)
	at org.junit.runners.ParentRunner.run(ParentRunner.java:363)
	at org.springframework.test.context.junit4.SpringJUnit4ClassRunner.run(SpringJUnit4ClassRunner.java:191)
	at org.apache.maven.surefire.junit4.JUnit4Provider.execute(JUnit4Provider.java:252)
	at org.apache.maven.surefire.junit4.JUnit4Provider.executeTestSet(JUnit4Provider.java:141)
	at org.apache.maven.surefire.junit4.JUnit4Provider.invoke(JUnit4Provider.java:112)
	at sun.reflect.NativeMethodAccessorImpl.invoke0(Native Method)
	at sun.reflect.NativeMethodAccessorImpl.invoke(NativeMethodAccessorImpl.java:62)
	at sun.reflect.DelegatingMethodAccessorImpl.invoke(DelegatingMethodAccessorImpl.java:43)
	at java.lang.reflect.Method.invoke(Method.java:498)
	at org.apache.maven.surefire.util.ReflectionUtils.invokeMethodWithArray(ReflectionUtils.java:189)
	at org.apache.maven.surefire.booter.ProviderFactory$ProviderProxy.invoke(ProviderFactory.java:165)
	at org.apache.maven.surefire.booter.ProviderFactory.invokeProvider(ProviderFactory.java:85)
	at org.apache.maven.surefire.booter.ForkedBooter.runSuitesInProcess(ForkedBooter.java:115)
	at org.apache.maven.surefire.booter.ForkedBooter.main(ForkedBooter.java:75)
</failure>
    <system-out>Hibernate: 
    select
        next_val as id_val 
    from
        hibernate_sequence for update
            
Hibernate: 
    update
        hibernate_sequence 
    set
        next_val= ? 
    where
        next_val=?
Hibernate: 
    select
        lignecomma0_.idLigne as idLigne1_4_0_,
        lignecomma0_.article_idArticle as article_3_4_0_,
        lignecomma0_.commande_idCommande as commande4_4_0_,
        lignecomma0_.quantite as quantite2_4_0_,
        article1_.idArticle as idArticl1_0_1_,
        article1_.categorie as categori2_0_1_,
        article1_.codeArt as codeArt3_0_1_,
        article1_.nomArticle as nomArtic4_0_1_,
        article1_.prixUnitaire as prixUnit5_0_1_,
        article1_.stock as stock6_0_1_,
        commande2_.idCommande as idComman1_2_2_,
        commande2_.client_idClient as client_i7_2_2_,
        commande2_.dateCom as dateCom2_2_2_,
        commande2_.dateLivraison as dateLivr3_2_2_,
        commande2_.etat as etat4_2_2_,
        commande2_.numCom as numCom5_2_2_,
        commande2_.total as total6_2_2_,
        client3_.idClient as idClient1_1_3_,
        client3_.codeClient as codeClie2_1_3_,
        client3_.codePostal as codePost3_1_3_,
        client3_.date_creation as date_cre4_1_3_,
        client3_.mail as mail5_1_3_,
        client3_.nom as nom6_1_3_,
        client3_.prenom as prenom7_1_3_,
        client3_.remarques as remarque8_1_3_,
        client3_.rue as rue9_1_3_,
        client3_.tel as tel10_1_3_,
        client3_.ville as ville11_1_3_ 
    from
        LigneCommande lignecomma0_ 
    left outer join
        Article article1_ 
            on lignecomma0_.article_idArticle=article1_.idArticle 
    left outer join
        Commande commande2_ 
            on lignecomma0_.commande_idCommande=commande2_.idCommande 
    left outer join
        Client client3_ 
            on commande2_.client_idClient=client3_.idClient 
    where
        lignecomma0_.idLigne=?
</system-out>
  </testcase>
  <testcase classname="com.luna.service.LigneCommandeTest" name="doesItRemove" time="0.047">
    <skipped/>
  </testcase>
  <testcase classname="com.luna.service.LigneCommandeTest" name="doesItUpdate" time="0.007"/>
</testsuite>